Arguments: 
  /Users/lorry/.nvm/versions/node/v8.11.0/bin/node /usr/local/Cellar/yarn/1.21.1/libexec/bin/yarn.js add @babel/plugin-proposal-class-properties

PATH: 
  /Users/lorry/.nvm/versions/node/v8.11.0/bin:/usr/local/bin:/usr/bin:/bin:/usr/sbin:/sbin

Yarn version: 
  1.21.1

Node version: 
  8.11.0

Platform: 
  darwin x64

Trace: 
  Error: https://registry.npmjs.org/http-server: ETIMEDOUT
      at Timeout._onTimeout (/usr/local/Cellar/yarn/1.21.1/libexec/lib/cli.js:141325:19)
      at ontimeout (timers.js:482:11)
      at tryOnTimeout (timers.js:317:5)
      at Timer.listOnTimeout (timers.js:277:5)

npm manifest: 
  {
    "name": "interview-code",
    "version": "1.0.0",
    "description": "",
    "main": "index.js",
    "scripts": {
      "test": "echo \"Error: no test specified\" && exit 1"
    },
    "repository": {
      "type": "git",
      "url": "git+https://github.com/LorryIsLuRui/interview-code.git"
    },
    "author": "lorry",
    "license": "ISC",
    "bugs": {
      "url": "https://github.com/LorryIsLuRui/interview-code/issues"
    },
    "homepage": "https://github.com/LorryIsLuRui/interview-code#readme",
    "dependencies": {
      "http-server": "^0.11.1",
      "nodemon": "^1.18.11"
    }
  }

yarn manifest: 
  No manifest

Lockfile: 
  No lockfile
